c:\users\jan\dropbox\oculomatic\obj\release\ofxtoggle.obj
c:\users\jan\dropbox\oculomatic\obj\release\ofxtcpserver.obj
c:\users\jan\dropbox\oculomatic\obj\release\ofxcvcontourfinder.obj
c:\users\jan\dropbox\oculomatic\obj\release\ofxcvimage.obj
c:\users\jan\dropbox\oculomatic\obj\release\tinyxmlerror.obj
c:\users\jan\dropbox\oculomatic\obj\release\ofapp.obj
c:\users\jan\dropbox\oculomatic\obj\release\ofxguigroup.obj
c:\users\jan\dropbox\oculomatic\obj\release\ofxcvfloatimage.obj
c:\users\jan\dropbox\oculomatic\obj\release\ofxcvshortimage.obj
c:\users\jan\dropbox\oculomatic\obj\release\tinyxmlparser.obj
c:\users\jan\dropbox\oculomatic\obj\release\ofxtcpclient.obj
c:\users\jan\dropbox\oculomatic\obj\release\ofxtcpmanager.obj
c:\users\jan\dropbox\oculomatic\obj\release\ofxcvcolorimage.obj
c:\users\jan\dropbox\oculomatic\obj\release\ofxcvhaarfinder.obj
c:\users\jan\dropbox\oculomatic\obj\release\tinyxml.obj
c:\users\jan\dropbox\oculomatic\obj\release\main.obj
c:\users\jan\dropbox\oculomatic\obj\release\ofxslidergroup.obj
c:\users\jan\dropbox\oculomatic\obj\release\ofxudpmanager.obj
c:\users\jan\dropbox\oculomatic\obj\release\ofxcvgrayscaleimage.obj
c:\users\jan\dropbox\oculomatic\obj\release\ofxthreadedimageloader.obj
c:\users\jan\dropbox\oculomatic\obj\release\ofxxmlsettings.obj
c:\users\jan\dropbox\oculomatic\obj\release\ofxbasegui.obj
c:\users\jan\dropbox\oculomatic\obj\release\ofxlabel.obj
c:\users\jan\dropbox\oculomatic\obj\release\ofxbutton.obj
c:\users\jan\dropbox\oculomatic\obj\release\ofxpanel.obj
c:\users\jan\dropbox\oculomatic\obj\release\ofxslider.obj
c:\users\jan\dropbox\oculomatic\obj\release\vc140.pdb
c:\users\jan\dropbox\oculomatic\bin\oculomatic.exe
c:\users\jan\dropbox\oculomatic\bin\oculomatic.lib
c:\users\jan\dropbox\oculomatic\bin\oculomatic.exp
c:\users\jan\dropbox\oculomatic\obj\release\icon.res
c:\users\jan\dropbox\oculomatic\obj\release\oculomatic.vcxprojresolveassemblyreference.cache
c:\users\jan\dropbox\oculomatic\obj\release\oculomatic.tlog\cl.command.1.tlog
c:\users\jan\dropbox\oculomatic\obj\release\oculomatic.tlog\cl.read.1.tlog
c:\users\jan\dropbox\oculomatic\obj\release\oculomatic.tlog\cl.write.1.tlog
c:\users\jan\dropbox\oculomatic\obj\release\oculomatic.tlog\link.command.1.tlog
c:\users\jan\dropbox\oculomatic\obj\release\oculomatic.tlog\link.read.1.tlog
c:\users\jan\dropbox\oculomatic\obj\release\oculomatic.tlog\link.write.1.tlog
c:\users\jan\dropbox\oculomatic\obj\release\oculomatic.tlog\oculomatic.write.1u.tlog
c:\users\jan\dropbox\oculomatic\obj\release\oculomatic.tlog\rc.command.1.tlog
c:\users\jan\dropbox\oculomatic\obj\release\oculomatic.tlog\rc.read.1.tlog
c:\users\jan\dropbox\oculomatic\obj\release\oculomatic.tlog\rc.write.1.tlog
